# JRE version: OpenJDK Runtime Environment AdoptOpenJDK (15.0.2+7) (build 15.0.2+7)
# Java VM: OpenJDK 64-Bit Server VM AdoptOpenJDK (15.0.2+7, mixed mode, sharing, tiered, compressed oops, g1 gc, bsd-amd64)
GC Precious Log:
 CPUs: 8 total, 8 available
 Memory: 16384M
 Large Page Support: Disabled
 NUMA Support: Disabled
 Compressed Oops: Enabled (Zero based)
 Heap Region Size: 2M
 Heap Min Capacity: 8M
 Heap Initial Capacity: 256M
 Heap Max Capacity: 4G
 Pre-touch: Disabled
 Parallel Workers: 8
 Concurrent Workers: 2
 Concurrent Refinement Workers: 8
 Periodic GC: Disabled
Heap:
 garbage-first heap   total 356352K, used 231292K [0x0000000700000000, 0x0000000800000000)
  region size 2048K, 77 young (157696K), 1 survivors (2048K)
 Metaspace       used 22569K, capacity 22850K, committed 23168K, reserved 1069056K
  class space    used 2788K, capacity 2890K, committed 2944K, reserved 1048576K
GC Heap History (20 events):
Event: 14.906 GC heap before
{Heap before GC invocations=18 (full 0):
 garbage-first heap   total 131072K, used 106326K [0x0000000700000000, 0x0000000800000000)
  region size 2048K, 27 young (55296K), 1 survivors (2048K)
 Metaspace       used 22301K, capacity 22594K, committed 22912K, reserved 1069056K
  class space    used 2781K, capacity 2890K, committed 2944K, reserved 1048576K
}
Event: 14.907 GC heap after
{Heap after GC invocations=19 (full 0):
 garbage-first heap   total 131072K, used 53074K [0x0000000700000000, 0x0000000800000000)
  region size 2048K, 1 young (2048K), 1 survivors (2048K)
 Metaspace       used 22301K, capacity 22594K, committed 22912K, reserved 1069056K
  class space    used 2781K, capacity 2890K, committed 2944K, reserved 1048576K
}
Event: 14.918 GC heap before
{Heap before GC invocations=19 (full 0):
 garbage-first heap   total 131072K, used 108370K [0x0000000700000000, 0x0000000800000000)
  region size 2048K, 28 young (57344K), 1 survivors (2048K)
 Metaspace       used 22301K, capacity 22594K, committed 22912K, reserved 1069056K
  class space    used 2781K, capacity 2890K, committed 2944K, reserved 1048576K
}
Event: 14.919 GC heap after
{Heap after GC invocations=20 (full 0):
 garbage-first heap   total 196608K, used 53102K [0x0000000700000000, 0x0000000800000000)
  region size 2048K, 1 young (2048K), 1 survivors (2048K)
 Metaspace       used 22301K, capacity 22594K, committed 22912K, reserved 1069056K
  class space    used 2781K, capacity 2890K, committed 2944K, reserved 1048576K
}
Event: 14.959 GC heap before
{Heap before GC invocations=20 (full 0):
 garbage-first heap   total 196608K, used 167790K [0x0000000700000000, 0x0000000800000000)
  region size 2048K, 57 young (116736K), 1 survivors (2048K)
 Metaspace       used 22301K, capacity 22594K, committed 22912K, reserved 1069056K
  class space    used 2781K, capacity 2890K, committed 2944K, reserved 1048576K
}
Event: 14.960 GC heap after
{Heap after GC invocations=21 (full 0):
 garbage-first heap   total 196608K, used 53154K [0x0000000700000000, 0x0000000800000000)
  region size 2048K, 1 young (2048K), 1 survivors (2048K)
 Metaspace       used 22301K, capacity 22594K, committed 22912K, reserved 1069056K
  class space    used 2781K, capacity 2890K, committed 2944K, reserved 1048576K
}
Event: 15.037 GC heap before
{Heap before GC invocations=21 (full 0):
 garbage-first heap   total 196608K, used 176034K [0x0000000700000000, 0x0000000800000000)
  region size 2048K, 57 young (116736K), 1 survivors (2048K)
 Metaspace       used 22308K, capacity 22594K, committed 22912K, reserved 1069056K
  class space    used 2781K, capacity 2890K, committed 2944K, reserved 1048576K
}
Event: 15.038 GC heap after
{Heap after GC invocations=22 (full 0):
 garbage-first heap   total 196608K, used 61307K [0x0000000700000000, 0x0000000800000000)
  region size 2048K, 1 young (2048K), 1 survivors (2048K)
 Metaspace       used 22308K, capacity 22594K, committed 22912K, reserved 1069056K
  class space    used 2781K, capacity 2890K, committed 2944K, reserved 1048576K
}
Event: 15.058 GC heap before
{Heap before GC invocations=22 (full 0):
 garbage-first heap   total 196608K, used 167803K [0x0000000700000000, 0x0000000800000000)
  region size 2048K, 53 young (108544K), 1 survivors (2048K)
 Metaspace       used 22308K, capacity 22594K, committed 22912K, reserved 1069056K
  class space    used 2781K, capacity 2890K, committed 2944K, reserved 1048576K
}
Event: 15.059 GC heap after
{Heap after GC invocations=23 (full 0):
 garbage-first heap   total 196608K, used 61315K [0x0000000700000000, 0x0000000800000000)
  region size 2048K, 1 young (2048K), 1 survivors (2048K)
 Metaspace       used 22308K, capacity 22594K, committed 22912K, reserved 1069056K
  class space    used 2781K, capacity 2890K, committed 2944K, reserved 1048576K
}
Event: 15.082 GC heap before
{Heap before GC invocations=23 (full 0):
 garbage-first heap   total 196608K, used 167811K [0x0000000700000000, 0x0000000800000000)
  region size 2048K, 53 young (108544K), 1 survivors (2048K)
 Metaspace       used 22308K, capacity 22594K, committed 22912K, reserved 1069056K
  class space    used 2781K, capacity 2890K, committed 2944K, reserved 1048576K
}
Event: 15.083 GC heap after
{Heap after GC invocations=24 (full 0):
 garbage-first heap   total 296960K, used 61359K [0x0000000700000000, 0x0000000800000000)
  region size 2048K, 1 young (2048K), 1 survivors (2048K)
 Metaspace       used 22308K, capacity 22594K, committed 22912K, reserved 1069056K
  class space    used 2781K, capacity 2890K, committed 2944K, reserved 1048576K
}
Event: 15.140 GC heap before
{Heap before GC invocations=24 (full 0):
 garbage-first heap   total 296960K, used 237487K [0x0000000700000000, 0x0000000800000000)
  region size 2048K, 87 young (178176K), 1 survivors (2048K)
 Metaspace       used 22308K, capacity 22594K, committed 22912K, reserved 1069056K
  class space    used 2781K, capacity 2890K, committed 2944K, reserved 1048576K
}
Event: 15.140 GC heap after
{Heap after GC invocations=25 (full 0):
 garbage-first heap   total 296960K, used 61327K [0x0000000700000000, 0x0000000800000000)
  region size 2048K, 1 young (2048K), 1 survivors (2048K)
 Metaspace       used 22308K, capacity 22594K, committed 22912K, reserved 1069056K
  class space    used 2781K, capacity 2890K, committed 2944K, reserved 1048576K
}
Event: 15.177 GC heap before
{Heap before GC invocations=25 (full 0):
 garbage-first heap   total 296960K, used 237455K [0x0000000700000000, 0x0000000800000000)
  region size 2048K, 87 young (178176K), 1 survivors (2048K)
 Metaspace       used 22308K, capacity 22594K, committed 22912K, reserved 1069056K
  class space    used 2781K, capacity 2890K, committed 2944K, reserved 1048576K
}
Event: 15.178 GC heap after
{Heap after GC invocations=26 (full 0):
 garbage-first heap   total 296960K, used 61319K [0x0000000700000000, 0x0000000800000000)
  region size 2048K, 1 young (2048K), 1 survivors (2048K)
 Metaspace       used 22308K, capacity 22594K, committed 22912K, reserved 1069056K
  class space    used 2781K, capacity 2890K, committed 2944K, reserved 1048576K
}
Event: 15.260 GC heap before
{Heap before GC invocations=26 (full 0):
 garbage-first heap   total 296960K, used 245639K [0x0000000700000000, 0x0000000800000000)
  region size 2048K, 87 young (178176K), 1 survivors (2048K)
 Metaspace       used 22308K, capacity 22594K, committed 22912K, reserved 1069056K
  class space    used 2781K, capacity 2890K, committed 2944K, reserved 1048576K
}
Event: 15.260 GC heap after
{Heap after GC invocations=27 (full 0):
 garbage-first heap   total 296960K, used 69524K [0x0000000700000000, 0x0000000800000000)
  region size 2048K, 1 young (2048K), 1 survivors (2048K)
 Metaspace       used 22308K, capacity 22594K, committed 22912K, reserved 1069056K
  class space    used 2781K, capacity 2890K, committed 2944K, reserved 1048576K
}
Event: 15.294 GC heap before
{Heap before GC invocations=27 (full 0):
 garbage-first heap   total 296960K, used 245652K [0x0000000700000000, 0x0000000800000000)
  region size 2048K, 87 young (178176K), 1 survivors (2048K)
 Metaspace       used 22308K, capacity 22594K, committed 22912K, reserved 1069056K
  class space    used 2781K, capacity 2890K, committed 2944K, reserved 1048576K
}
Event: 15.295 GC heap after
{Heap after GC invocations=28 (full 0):
 garbage-first heap   total 356352K, used 69500K [0x0000000700000000, 0x0000000800000000)
  region size 2048K, 1 young (2048K), 1 survivors (2048K)
 Metaspace       used 22308K, capacity 22594K, committed 22912K, reserved 1069056K
  class space    used 2781K, capacity 2890K, committed 2944K, reserved 1048576K
}

