# JRE version: OpenJDK Runtime Environment AdoptOpenJDK (15.0.2+7) (build 15.0.2+7)
# Java VM: OpenJDK 64-Bit Server VM AdoptOpenJDK (15.0.2+7, mixed mode, sharing, tiered, compressed oops, g1 gc, bsd-amd64)
GC Precious Log:
 CPUs: 8 total, 8 available
 Memory: 16384M
 Large Page Support: Disabled
 NUMA Support: Disabled
 Compressed Oops: Enabled (Zero based)
 Heap Region Size: 2M
 Heap Min Capacity: 8M
 Heap Initial Capacity: 256M
 Heap Max Capacity: 4G
 Pre-touch: Disabled
 Parallel Workers: 8
 Concurrent Workers: 2
 Concurrent Refinement Workers: 8
 Periodic GC: Disabled
Heap:
 garbage-first heap   total 378880K, used 274611K [0x0000000700000000, 0x0000000800000000)
  region size 2048K, 81 young (165888K), 1 survivors (2048K)
 Metaspace       used 23828K, capacity 24091K, committed 24448K, reserved 1071104K
  class space    used 2790K, capacity 2922K, committed 2944K, reserved 1048576K
GC Heap History (20 events):
Event: 66.770 GC heap before
{Heap before GC invocations=81 (full 0):
 garbage-first heap   total 315392K, used 262260K [0x0000000700000000, 0x0000000800000000)
  region size 2048K, 86 young (176128K), 1 survivors (2048K)
 Metaspace       used 23676K, capacity 23963K, committed 24192K, reserved 1071104K
  class space    used 2784K, capacity 2922K, committed 2944K, reserved 1048576K
}
Event: 66.770 GC heap after
{Heap after GC invocations=82 (full 0):
 garbage-first heap   total 315392K, used 88203K [0x0000000700000000, 0x0000000800000000)
  region size 2048K, 1 young (2048K), 1 survivors (2048K)
 Metaspace       used 23676K, capacity 23963K, committed 24192K, reserved 1071104K
  class space    used 2784K, capacity 2922K, committed 2944K, reserved 1048576K
}
Event: 66.833 GC heap before
{Heap before GC invocations=82 (full 0):
 garbage-first heap   total 315392K, used 272523K [0x0000000700000000, 0x0000000800000000)
  region size 2048K, 87 young (178176K), 1 survivors (2048K)
 Metaspace       used 23676K, capacity 23963K, committed 24192K, reserved 1071104K
  class space    used 2784K, capacity 2922K, committed 2944K, reserved 1048576K
}
Event: 66.833 GC heap after
{Heap after GC invocations=83 (full 0):
 garbage-first heap   total 315392K, used 96416K [0x0000000700000000, 0x0000000800000000)
  region size 2048K, 1 young (2048K), 1 survivors (2048K)
 Metaspace       used 23676K, capacity 23963K, committed 24192K, reserved 1071104K
  class space    used 2784K, capacity 2922K, committed 2944K, reserved 1048576K
}
Event: 66.868 GC heap before
{Heap before GC invocations=83 (full 0):
 garbage-first heap   total 315392K, used 268448K [0x0000000700000000, 0x0000000800000000)
  region size 2048K, 85 young (174080K), 1 survivors (2048K)
 Metaspace       used 23676K, capacity 23963K, committed 24192K, reserved 1071104K
  class space    used 2784K, capacity 2922K, committed 2944K, reserved 1048576K
}
Event: 66.869 GC heap after
{Heap after GC invocations=84 (full 0):
 garbage-first heap   total 315392K, used 96386K [0x0000000700000000, 0x0000000800000000)
  region size 2048K, 1 young (2048K), 1 survivors (2048K)
 Metaspace       used 23676K, capacity 23963K, committed 24192K, reserved 1071104K
  class space    used 2784K, capacity 2922K, committed 2944K, reserved 1048576K
}
Event: 66.901 GC heap before
{Heap before GC invocations=84 (full 0):
 garbage-first heap   total 315392K, used 268418K [0x0000000700000000, 0x0000000800000000)
  region size 2048K, 85 young (174080K), 1 survivors (2048K)
 Metaspace       used 23676K, capacity 23963K, committed 24192K, reserved 1071104K
  class space    used 2784K, capacity 2922K, committed 2944K, reserved 1048576K
}
Event: 66.902 GC heap after
{Heap after GC invocations=85 (full 0):
 garbage-first heap   total 315392K, used 96404K [0x0000000700000000, 0x0000000800000000)
  region size 2048K, 1 young (2048K), 1 survivors (2048K)
 Metaspace       used 23676K, capacity 23963K, committed 24192K, reserved 1071104K
  class space    used 2784K, capacity 2922K, committed 2944K, reserved 1048576K
}
Event: 66.938 GC heap before
{Heap before GC invocations=85 (full 0):
 garbage-first heap   total 315392K, used 270484K [0x0000000700000000, 0x0000000800000000)
  region size 2048K, 86 young (176128K), 1 survivors (2048K)
 Metaspace       used 23676K, capacity 23963K, committed 24192K, reserved 1071104K
  class space    used 2784K, capacity 2922K, committed 2944K, reserved 1048576K
}
Event: 66.939 GC heap after
{Heap after GC invocations=86 (full 0):
 garbage-first heap   total 315392K, used 96398K [0x0000000700000000, 0x0000000800000000)
  region size 2048K, 1 young (2048K), 1 survivors (2048K)
 Metaspace       used 23676K, capacity 23963K, committed 24192K, reserved 1071104K
  class space    used 2784K, capacity 2922K, committed 2944K, reserved 1048576K
}
Event: 66.973 GC heap before
{Heap before GC invocations=86 (full 0):
 garbage-first heap   total 315392K, used 270478K [0x0000000700000000, 0x0000000800000000)
  region size 2048K, 86 young (176128K), 1 survivors (2048K)
 Metaspace       used 23676K, capacity 23963K, committed 24192K, reserved 1071104K
  class space    used 2784K, capacity 2922K, committed 2944K, reserved 1048576K
}
Event: 66.973 GC heap after
{Heap after GC invocations=87 (full 0):
 garbage-first heap   total 315392K, used 96392K [0x0000000700000000, 0x0000000800000000)
  region size 2048K, 1 young (2048K), 1 survivors (2048K)
 Metaspace       used 23676K, capacity 23963K, committed 24192K, reserved 1071104K
  class space    used 2784K, capacity 2922K, committed 2944K, reserved 1048576K
}
Event: 67.021 GC heap before
{Heap before GC invocations=87 (full 0):
 garbage-first heap   total 315392K, used 280712K [0x0000000700000000, 0x0000000800000000)
  region size 2048K, 87 young (178176K), 1 survivors (2048K)
 Metaspace       used 23676K, capacity 23963K, committed 24192K, reserved 1071104K
  class space    used 2784K, capacity 2922K, committed 2944K, reserved 1048576K
}
Event: 67.022 GC heap after
{Heap after GC invocations=88 (full 0):
 garbage-first heap   total 315392K, used 104621K [0x0000000700000000, 0x0000000800000000)
  region size 2048K, 1 young (2048K), 1 survivors (2048K)
 Metaspace       used 23676K, capacity 23963K, committed 24192K, reserved 1071104K
  class space    used 2784K, capacity 2922K, committed 2944K, reserved 1048576K
}
Event: 67.054 GC heap before
{Heap before GC invocations=88 (full 0):
 garbage-first heap   total 315392K, used 272557K [0x0000000700000000, 0x0000000800000000)
  region size 2048K, 83 young (169984K), 1 survivors (2048K)
 Metaspace       used 23676K, capacity 23963K, committed 24192K, reserved 1071104K
  class space    used 2784K, capacity 2922K, committed 2944K, reserved 1048576K
}
Event: 67.055 GC heap after
{Heap after GC invocations=89 (full 0):
 garbage-first heap   total 378880K, used 104585K [0x0000000700000000, 0x0000000800000000)
  region size 2048K, 1 young (2048K), 1 survivors (2048K)
 Metaspace       used 23676K, capacity 23963K, committed 24192K, reserved 1071104K
  class space    used 2784K, capacity 2922K, committed 2944K, reserved 1048576K
}
Event: 67.112 GC heap before
{Heap before GC invocations=89 (full 0):
 garbage-first heap   total 378880K, used 327817K [0x0000000700000000, 0x0000000800000000)
  region size 2048K, 110 young (225280K), 1 survivors (2048K)
 Metaspace       used 23676K, capacity 23963K, committed 24192K, reserved 1071104K
  class space    used 2784K, capacity 2922K, committed 2944K, reserved 1048576K
}
Event: 67.113 GC heap after
{Heap after GC invocations=90 (full 0):
 garbage-first heap   total 378880K, used 104596K [0x0000000700000000, 0x0000000800000000)
  region size 2048K, 1 young (2048K), 1 survivors (2048K)
 Metaspace       used 23676K, capacity 23963K, committed 24192K, reserved 1071104K
  class space    used 2784K, capacity 2922K, committed 2944K, reserved 1048576K
}
Event: 67.164 GC heap before
{Heap before GC invocations=90 (full 0):
 garbage-first heap   total 378880K, used 329876K [0x0000000700000000, 0x0000000800000000)
  region size 2048K, 111 young (227328K), 1 survivors (2048K)
 Metaspace       used 23676K, capacity 23963K, committed 24192K, reserved 1071104K
  class space    used 2784K, capacity 2922K, committed 2944K, reserved 1048576K
}
Event: 67.164 GC heap after
{Heap after GC invocations=91 (full 0):
 garbage-first heap   total 378880K, used 104627K [0x0000000700000000, 0x0000000800000000)
  region size 2048K, 1 young (2048K), 1 survivors (2048K)
 Metaspace       used 23676K, capacity 23963K, committed 24192K, reserved 1071104K
  class space    used 2784K, capacity 2922K, committed 2944K, reserved 1048576K
}

